[05:26:51] [ServerMain/INFO]: [bootstrap] Running Java 21 (OpenJDK 64-Bit Server VM 21.0.5+11-LTS; Microsoft Microsoft-10376803) on Linux 6.5.0-1025-azure (amd64)
[05:26:51] [ServerMain/INFO]: [bootstrap] Loading Paper 1.21-130-master@b1b5d4c (2024-08-10T10:02:42Z) for Minecraft 1.21
[05:26:52] [ServerMain/INFO]: [PluginInitializerManager] Initializing plugins...
[05:26:52] [ServerMain/INFO]: [PluginInitializerManager] Initialized 1 plugin
[05:26:52] [ServerMain/INFO]: [PluginInitializerManager] Bukkit plugins (1):
 - playit-gg (0.1.4)
[05:26:59] [ServerMain/INFO]: Environment: Environment[sessionHost=https://sessionserver.mojang.com, servicesHost=https://api.minecraftservices.com, name=PROD]
[05:26:59] [ServerMain/INFO]: Found new data pack file/bukkit, loading it automatically
[05:26:59] [ServerMain/INFO]: Found new data pack paper, loading it automatically
[05:27:00] [ServerMain/INFO]: No existing world data, creating new world
[05:27:01] [ServerMain/INFO]: Loaded 1290 recipes
[05:27:01] [ServerMain/INFO]: Loaded 1399 advancements
[05:27:02] [Server thread/INFO]: Starting minecraft server version 1.21
[05:27:02] [Server thread/INFO]: Loading properties
[05:27:02] [Server thread/INFO]: This server is running Paper version 1.21-130-master@b1b5d4c (2024-08-10T10:02:42Z) (Implementing API version 1.21-R0.1-SNAPSHOT)
[05:27:03] [Server thread/INFO]: [spark] This server bundles the spark profiler. For more information please visit https://docs.papermc.io/paper/profiling
[05:27:03] [Server thread/INFO]: Server Ping Player Sample Count: 12
[05:27:03] [Server thread/INFO]: Using 4 threads for Netty based IO
[05:27:04] [Server thread/INFO]: [ChunkTaskScheduler] Chunk system is using 1 I/O threads, 1 worker threads, and population gen parallelism of 1 threads
[05:27:04] [Server thread/INFO]: Default game type: SURVIVAL
[05:27:04] [Server thread/INFO]: Generating keypair
[05:27:05] [Server thread/INFO]: Starting Minecraft server on *:25565
[05:27:05] [Server thread/INFO]: Using epoll channel type
[05:27:05] [Server thread/INFO]: Paper: Using libdeflate (Linux x86_64) compression from Velocity.
[05:27:05] [Server thread/INFO]: Paper: Using OpenSSL 1.1.x (Linux x86_64) cipher from Velocity.
[05:27:05] [Server thread/INFO]: [playit-gg] Loading server plugin playit-gg v0.1.4
[05:27:05] [Server thread/INFO]: Server permissions file permissions.yml is empty, ignoring it
[05:27:05] [Server thread/WARN]: **** SERVER IS RUNNING IN OFFLINE/INSECURE MODE!
[05:27:05] [Server thread/WARN]: The server will make no attempt to authenticate usernames. Beware.
[05:27:05] [Server thread/WARN]: While this makes the game possible to play without internet access, it also opens up the ability for hackers to connect with any username they choose.
[05:27:05] [Server thread/WARN]: To change this, set "online-mode" to "true" in the server.properties file.
[05:27:05] [Server thread/INFO]: Preparing level "world"
[05:27:19] [Server thread/INFO]: Preparing start region for dimension minecraft:overworld
